2020-07-16 11:07:304 INFO  DriverClass :37 - File is loaded from propertyfile
2020-07-16 11:07:645 INFO  DriverClass :53 - Chrome browser is open
2020-07-16 11:07:645 INFO  DriverClass :37 - File is loaded from propertyfile
2020-07-16 11:07:599 INFO  DriverClass :64 - Url is open
2020-07-16 11:07:831 INFO  DriverClass :79 - Books link is clicked
2020-07-16 11:07:855 INFO  DriverClass :83 - Expected pageTitle of page is  nopCommerce demo store. Books
2020-07-16 11:07:855 INFO  DriverClass :84 - Actual pagetitle of page is  nopCommerce demo store. Books
2020-07-16 11:07:855 INFO  DriverClass :85 - Page Title of page is verified
2020-07-16 11:07:862 INFO  DriverClass :75 - Expected URL of page is  https://demo.nopcommerce.com/books
2020-07-16 11:07:862 INFO  DriverClass :76 - Actual URL of page is  https://demo.nopcommerce.com/books
2020-07-16 11:07:862 INFO  DriverClass :77 - URL of page is verified
2020-07-16 11:07:938 INFO  DriverClass :69 - Browser is closed
2020-07-16 11:07:938 INFO  DriverClass :37 - File is loaded from propertyfile
2020-07-16 11:07:178 INFO  DriverClass :53 - Chrome browser is open
2020-07-16 11:07:178 INFO  DriverClass :37 - File is loaded from propertyfile
2020-07-16 11:07:66 INFO  DriverClass :64 - Url is open
2020-07-16 11:07:144 INFO  DriverClass :79 - Books link is clicked
2020-07-16 11:07:880 INFO  DriverClass :58 - Verify that books: [Fahrenheit 451 by Ray Bradbury, First Prize Pies, Pride and Prejudice] are sorted AtoZ [[ChromeDriver: chrome on WINDOWS (d377d4da01333db3943d0ab0d0321ee2)] -> xpath: //select[@id='products-orderby']]
2020-07-16 11:07:952 INFO  DriverClass :69 - Browser is closed
2020-07-16 11:07:952 INFO  DriverClass :37 - File is loaded from propertyfile
2020-07-16 11:07:213 INFO  DriverClass :53 - Chrome browser is open
2020-07-16 11:07:213 INFO  DriverClass :37 - File is loaded from propertyfile
2020-07-16 11:07:415 INFO  DriverClass :64 - Url is open
2020-07-16 11:07:223 INFO  DriverClass :79 - Books link is clicked
2020-07-16 11:07:885 INFO  DriverClass :79 - Verify that books price: [$24.00, $27.00, $51.00] are sorted low price to high price [[ChromeDriver: chrome on WINDOWS (73db5305fde3b62e3d7e9c9575528e24)] -> xpath: //select[@id='products-orderby']]
2020-07-16 11:07:976 INFO  DriverClass :69 - Browser is closed
2020-07-16 11:07:905[main] INFO  DriverClass :37 - File is loaded from propertyfilesg
2020-07-16 11:07:272[main] INFO  DriverClass :53 - Chrome browser is opensg
2020-07-16 11:07:272[main] INFO  DriverClass :37 - File is loaded from propertyfilesg
2020-07-16 11:07:665[main] INFO  DriverClass :64 - Url is opensg
2020-07-16 11:07:28[main] INFO  DriverClass :79 - Books link is clickedsg
2020-07-16 11:07:54[main] INFO  DriverClass :83 - Expected pageTitle of page is  nopCommerce demo store. Bookssg
2020-07-16 11:07:54[main] INFO  DriverClass :84 - Actual pagetitle of page is  nopCommerce demo store. Bookssg
2020-07-16 11:07:55[main] INFO  DriverClass :85 - Page Title of page is verifiedsg
2020-07-16 11:07:62[main] INFO  DriverClass :75 - Expected URL of page is  https://demo.nopcommerce.com/bookssg
2020-07-16 11:07:62[main] INFO  DriverClass :76 - Actual URL of page is  https://demo.nopcommerce.com/bookssg
2020-07-16 11:07:62[main] INFO  DriverClass :77 - URL of page is verifiedsg
2020-07-16 11:07:174[main] INFO  DriverClass :69 - Browser is closedsg
2020-07-16 11:07:176[main] INFO  DriverClass :37 - File is loaded from propertyfilesg
2020-07-16 11:07:433[main] INFO  DriverClass :53 - Chrome browser is opensg
2020-07-16 11:07:434[main] INFO  DriverClass :37 - File is loaded from propertyfilesg
2020-07-16 11:07:691[main] INFO  DriverClass :64 - Url is opensg
2020-07-16 11:07:739[main] INFO  DriverClass :79 - Books link is clickedsg
2020-07-16 11:07:447[main] INFO  DriverClass :58 - Verify that books: [Fahrenheit 451 by Ray Bradbury, First Prize Pies, Pride and Prejudice] are sorted AtoZ [[ChromeDriver: chrome on WINDOWS (721685df62fd9e6b733975f55450d3b7)] -> xpath: //select[@id='products-orderby']]sg
2020-07-16 11:07:541[main] INFO  DriverClass :69 - Browser is closedsg
2020-07-16 11:07:543[main] INFO  DriverClass :37 - File is loaded from propertyfilesg
2020-07-16 11:07:785[main] INFO  DriverClass :53 - Chrome browser is opensg
2020-07-16 11:07:786[main] INFO  DriverClass :37 - File is loaded from propertyfilesg
2020-07-16 11:07:593[main] INFO  DriverClass :64 - Url is opensg
2020-07-16 11:07:145[main] INFO  DriverClass :79 - Books link is clickedsg
2020-07-16 11:07:997[main] INFO  DriverClass :79 - Verify that books price: [$24.00, $27.00, $51.00] are sorted low price to high price [[ChromeDriver: chrome on WINDOWS (a46559bcf254966ad0ce9c6321b58dee)] -> xpath: //select[@id='products-orderby']]sg
2020-07-16 11:07:78[main] INFO  DriverClass :69 - Browser is closedsg
2020-07-16 11:54:30.456 INFO  DriverClass :37 - File is loaded from propertyfile
2020-07-16 11:54:34.893 INFO  DriverClass :53 - Chrome browser is open
2020-07-16 11:54:34.894 INFO  DriverClass :37 - File is loaded from propertyfile
2020-07-16 11:54:38.942 INFO  DriverClass :64 - Url is open
2020-07-16 11:54:39.951 INFO  DriverClass :79 - Books link is clicked
2020-07-16 11:54:39.969 INFO  DriverClass :83 - Expected pageTitle of page is  nopCommerce demo store. Books
2020-07-16 11:54:39.970 INFO  DriverClass :84 - Actual pagetitle of page is  nopCommerce demo store. Books
2020-07-16 11:54:39.970 INFO  DriverClass :85 - Page Title of page is verified
2020-07-16 11:54:39.975 INFO  DriverClass :75 - Expected URL of page is  https://demo.nopcommerce.com/books
2020-07-16 11:54:39.976 INFO  DriverClass :76 - Actual URL of page is  https://demo.nopcommerce.com/books
2020-07-16 11:54:39.976 INFO  DriverClass :77 - URL of page is verified
2020-07-16 11:54:40.070 INFO  DriverClass :69 - Browser is closed
2020-07-16 11:54:40.073 INFO  DriverClass :37 - File is loaded from propertyfile
2020-07-16 11:54:43.331 INFO  DriverClass :53 - Chrome browser is open
2020-07-16 11:54:43.332 INFO  DriverClass :37 - File is loaded from propertyfile
2020-07-16 11:54:47.976 INFO  DriverClass :64 - Url is open
2020-07-16 11:54:49.836 INFO  DriverClass :79 - Books link is clicked
2020-07-16 11:54:51.503 INFO  DriverClass :58 - Verify that books: [Fahrenheit 451 by Ray Bradbury, First Prize Pies, Pride and Prejudice] are sorted AtoZ [[ChromeDriver: chrome on WINDOWS (80e683c5531246b96fbfa47359fae826)] -> xpath: //select[@id='products-orderby']]
2020-07-16 11:54:51.588 INFO  DriverClass :69 - Browser is closed
2020-07-16 11:54:51.589 INFO  DriverClass :37 - File is loaded from propertyfile
2020-07-16 11:54:54.842 INFO  DriverClass :53 - Chrome browser is open
2020-07-16 11:54:54.843 INFO  DriverClass :37 - File is loaded from propertyfile
2020-07-16 11:54:59.065 INFO  DriverClass :64 - Url is open
2020-07-16 11:54:59.821 INFO  DriverClass :79 - Books link is clicked
2020-07-16 11:55:01.443 INFO  DriverClass :79 - Verify that books price: [$24.00, $27.00, $51.00] are sorted low price to high price [[ChromeDriver: chrome on WINDOWS (ba183b57cf1a06786fec375001b01960)] -> xpath: //select[@id='products-orderby']]
2020-07-16 11:55:01.541 INFO  DriverClass :69 - Browser is closed
2020-07-16 11:56:42.772 INFO  DriverClass :37 - File is loaded from propertyfile
2020-07-16 11:56:47.146 INFO  DriverClass :53 - Chrome browser is open
2020-07-16 11:56:47.147 INFO  DriverClass :37 - File is loaded from propertyfile
2020-07-16 11:56:51.379 INFO  DriverClass :64 - Url is open
2020-07-16 11:56:53.682 INFO  DriverClass :79 - Books link is clicked
2020-07-16 11:56:53.704 INFO  DriverClass :83 - Expected pageTitle of page is  nopCommerce demo store. Books
2020-07-16 11:56:53.704 INFO  DriverClass :84 - Actual pagetitle of page is  nopCommerce demo store. Books
2020-07-16 11:56:53.705 INFO  DriverClass :85 - Page Title of page is verified
2020-07-16 11:56:53.714 INFO  DriverClass :75 - Expected URL of page is  https://demo.nopcommerce.com/books
2020-07-16 11:56:53.715 INFO  DriverClass :76 - Actual URL of page is  https://demo.nopcommerce.com/books
2020-07-16 11:56:53.715 INFO  DriverClass :77 - URL of page is verified
2020-07-16 11:56:53.800 INFO  DriverClass :69 - Browser is closed
2020-07-16 11:56:53.802 INFO  DriverClass :37 - File is loaded from propertyfile
2020-07-16 11:56:57.042 INFO  DriverClass :53 - Chrome browser is open
2020-07-16 11:56:57.043 INFO  DriverClass :37 - File is loaded from propertyfile
2020-07-16 11:57:01.439 INFO  DriverClass :64 - Url is open
2020-07-16 11:57:03.372 INFO  DriverClass :79 - Books link is clicked
2020-07-16 11:57:04.379 INFO  DriverClass :58 - Verify that books: [Fahrenheit 451 by Ray Bradbury, First Prize Pies, Pride and Prejudice] are sorted AtoZ [[ChromeDriver: chrome on WINDOWS (18959f8f79310c6164e65b32ef6d5038)] -> xpath: //select[@id='products-orderby']]
2020-07-16 11:57:04.465 INFO  DriverClass :69 - Browser is closed
2020-07-16 11:57:04.466 INFO  DriverClass :37 - File is loaded from propertyfile
2020-07-16 11:57:07.714 INFO  DriverClass :53 - Chrome browser is open
2020-07-16 11:57:07.715 INFO  DriverClass :37 - File is loaded from propertyfile
2020-07-16 11:57:11.965 INFO  DriverClass :64 - Url is open
2020-07-16 11:57:13.764 INFO  DriverClass :79 - Books link is clicked
2020-07-16 11:57:15.597 INFO  DriverClass :79 - Verify that books price: [$24.00, $27.00, $51.00] are sorted low price to high price [[ChromeDriver: chrome on WINDOWS (3356783e3577a4924c96a998fd3e6a74)] -> xpath: //select[@id='products-orderby']]
2020-07-16 11:57:15.683 INFO  DriverClass :69 - Browser is closed
2020-07-16 12:24:10.118 INFO  DriverClass :37 - File is loaded from propertyfile
2020-07-16 12:24:14.643 INFO  DriverClass :53 - Chrome browser is open
2020-07-16 12:24:14.643 INFO  DriverClass :37 - File is loaded from propertyfile
2020-07-16 12:24:19.450 INFO  DriverClass :64 - Url is open
2020-07-16 12:24:50.692 INFO  DriverClass :69 - Browser is closed
2020-07-16 12:27:10.305 INFO  DriverClass :37 - File is loaded from propertyfile
2020-07-16 12:27:14.670 INFO  DriverClass :53 - Chrome browser is open
2020-07-16 12:27:14.670 INFO  DriverClass :37 - File is loaded from propertyfile
2020-07-16 12:27:18.996 INFO  DriverClass :64 - Url is open
2020-07-16 12:27:50.020 INFO  DriverClass :69 - Browser is closed
2020-07-16 12:28:35.417 INFO  DriverClass :37 - File is loaded from propertyfile
2020-07-16 12:28:39.806 INFO  DriverClass :53 - Chrome browser is open
2020-07-16 12:28:39.806 INFO  DriverClass :37 - File is loaded from propertyfile
2020-07-16 12:28:44.621 INFO  DriverClass :64 - Url is open
2020-07-16 12:29:18.827 INFO  DriverClass :69 - Browser is closed
2020-07-16 12:36:03.834 INFO  DriverClass :37 - File is loaded from propertyfile
2020-07-16 12:36:09.246 INFO  DriverClass :53 - Chrome browser is open
2020-07-16 12:36:09.246 INFO  DriverClass :37 - File is loaded from propertyfile
2020-07-16 12:36:13.353 INFO  DriverClass :64 - Url is open
2020-07-16 12:36:18.015 INFO  DriverClass :85 - Computer link clicked
2020-07-16 12:36:18.031 INFO  DriverClass :83 - Expected pageTitle of page is  nopCommerce demo store. Computers
2020-07-16 12:36:18.031 INFO  DriverClass :84 - Actual pagetitle of page is  nopCommerce demo store. Computers
2020-07-16 12:36:18.031 INFO  DriverClass :85 - Page Title of page is verified
2020-07-16 12:36:18.140 INFO  DriverClass :69 - Browser is closed
2020-07-16 13:04:48.717 INFO  DriverClass :37 - File is loaded from propertyfile
2020-07-16 13:04:53.100 INFO  DriverClass :53 - Chrome browser is open
2020-07-16 13:04:53.100 INFO  DriverClass :37 - File is loaded from propertyfile
2020-07-16 13:04:57.250 INFO  DriverClass :64 - Url is open
2020-07-16 13:05:02.301 INFO  DriverClass :85 - Computer link clicked
2020-07-16 13:05:02.487 INFO  DriverClass :69 - Browser is closed
2020-07-16 13:05:29.547 INFO  DriverClass :37 - File is loaded from propertyfile
2020-07-16 13:05:33.871 INFO  DriverClass :53 - Chrome browser is open
2020-07-16 13:05:33.871 INFO  DriverClass :37 - File is loaded from propertyfile
2020-07-16 13:05:38.925 INFO  DriverClass :64 - Url is open
2020-07-16 13:05:43.530 INFO  DriverClass :85 - Computer link clicked
2020-07-16 13:07:44.459 INFO  DriverClass :37 - File is loaded from propertyfile
2020-07-16 13:07:48.786 INFO  DriverClass :53 - Chrome browser is open
2020-07-16 13:07:48.786 INFO  DriverClass :37 - File is loaded from propertyfile
2020-07-16 13:07:53.624 INFO  DriverClass :64 - Url is open
2020-07-16 13:07:58.252 INFO  DriverClass :85 - Computer link clicked
2020-07-16 13:09:01.876 INFO  DriverClass :37 - File is loaded from propertyfile
2020-07-16 13:09:06.267 INFO  DriverClass :53 - Chrome browser is open
2020-07-16 13:09:06.267 INFO  DriverClass :37 - File is loaded from propertyfile
2020-07-16 13:09:10.220 INFO  DriverClass :64 - Url is open
2020-07-16 13:09:14.809 INFO  DriverClass :85 - Computer link clicked
2020-07-16 13:09:42.838 INFO  DriverClass :37 - File is loaded from propertyfile
2020-07-16 13:09:47.151 INFO  DriverClass :53 - Chrome browser is open
2020-07-16 13:09:47.151 INFO  DriverClass :37 - File is loaded from propertyfile
2020-07-16 13:09:51.380 INFO  DriverClass :64 - Url is open
2020-07-16 13:09:56.327 INFO  DriverClass :85 - Computer link clicked
2020-07-16 13:11:10.203 INFO  DriverClass :37 - File is loaded from propertyfile
2020-07-16 13:11:14.512 INFO  DriverClass :53 - Chrome browser is open
2020-07-16 13:11:14.512 INFO  DriverClass :37 - File is loaded from propertyfile
2020-07-16 13:11:18.959 INFO  DriverClass :64 - Url is open
2020-07-16 13:11:24.037 INFO  DriverClass :85 - Computer link clicked
2020-07-16 13:12:00.616 INFO  DriverClass :37 - File is loaded from propertyfile
2020-07-16 13:12:04.955 INFO  DriverClass :53 - Chrome browser is open
2020-07-16 13:12:04.955 INFO  DriverClass :37 - File is loaded from propertyfile
2020-07-16 13:12:09.154 INFO  DriverClass :64 - Url is open
2020-07-16 13:12:14.178 INFO  DriverClass :85 - Computer link clicked
2020-07-16 13:17:53.448 INFO  DriverClass :37 - File is loaded from propertyfile
2020-07-16 13:17:57.917 INFO  DriverClass :53 - Chrome browser is open
2020-07-16 13:17:57.917 INFO  DriverClass :37 - File is loaded from propertyfile
2020-07-16 13:18:02.101 INFO  DriverClass :64 - Url is open
2020-07-16 13:18:07.075 INFO  DriverClass :85 - Computer link clicked
2020-07-16 13:18:10.620 INFO  DriverClass :83 - Expected pageTitle of page is  nopCommerce demo store. Notebooks
2020-07-16 13:18:10.620 INFO  DriverClass :84 - Actual pagetitle of page is  nopCommerce demo store. Notebooks
2020-07-16 13:18:10.620 INFO  DriverClass :85 - Page Title of page is verified
2020-07-16 13:18:10.620 INFO  DriverClass :19 - page title of Notebooks is nopCommerce demo store. Notebooks verified
2020-07-21 00:45:56.915 INFO  DriverClass :37 - File is loaded from propertyfile
2020-07-21 00:46:06.271 INFO  DriverClass :53 - Chrome browser is open
2020-07-21 00:46:06.271 INFO  DriverClass :37 - File is loaded from propertyfile
2020-07-21 00:46:10.184 INFO  DriverClass :64 - Url is open
2020-07-21 00:46:15.297 INFO  DriverClass :85 - Computer link clicked
2020-07-21 00:46:19.075 INFO  DriverClass :83 - Expected pageTitle of page is  nopCommerce demo store. Notebooks
2020-07-21 00:46:19.075 INFO  DriverClass :84 - Actual pagetitle of page is  nopCommerce demo store. Notebooks
2020-07-21 00:46:19.075 INFO  DriverClass :85 - Page Title of page is verified
2020-07-21 00:46:19.185 INFO  DriverClass :69 - Browser is closed
2020-07-21 00:57:12.784 INFO  DriverClass :37 - File is loaded from propertyfile
2020-07-21 00:57:20.593 INFO  DriverClass :53 - Chrome browser is open
2020-07-21 00:57:20.593 INFO  DriverClass :37 - File is loaded from propertyfile
2020-07-21 00:57:24.940 INFO  DriverClass :64 - Url is open
2020-07-21 00:57:29.642 INFO  DriverClass :85 - Computer link clicked
2020-07-21 00:57:33.351 INFO  DriverClass :83 - Expected pageTitle of page is  nopCommerce demo store. Notebooks
2020-07-21 00:57:33.351 INFO  DriverClass :84 - Actual pagetitle of page is  nopCommerce demo store. Notebooks
2020-07-21 00:57:33.351 INFO  DriverClass :85 - Page Title of page is verified
2020-07-21 01:13:41.011 INFO  DriverClass :37 - File is loaded from propertyfile
2020-07-21 01:13:47.870 INFO  DriverClass :53 - Chrome browser is open
2020-07-21 01:13:47.870 INFO  DriverClass :37 - File is loaded from propertyfile
2020-07-21 01:13:51.995 INFO  DriverClass :64 - Url is open
2020-07-21 01:13:56.868 INFO  DriverClass :85 - Computer link clicked
2020-07-21 01:14:00.277 INFO  DriverClass :83 - Expected pageTitle of page is  nopCommerce demo store. Notebooks
2020-07-21 01:14:00.277 INFO  DriverClass :84 - Actual pagetitle of page is  nopCommerce demo store. Notebooks
2020-07-21 01:14:00.277 INFO  DriverClass :85 - Page Title of page is verified
2020-07-21 01:17:38.502 INFO  DriverClass :37 - File is loaded from propertyfile
2020-07-21 01:17:43.000 INFO  DriverClass :53 - Chrome browser is open
2020-07-21 01:17:43.000 INFO  DriverClass :37 - File is loaded from propertyfile
2020-07-21 01:17:46.860 INFO  DriverClass :64 - Url is open
2020-07-21 01:17:51.669 INFO  DriverClass :85 - Computer link clicked
2020-07-21 01:17:55.400 INFO  DriverClass :83 - Expected pageTitle of page is  nopCommerce demo store. Notebooks
2020-07-21 01:17:55.400 INFO  DriverClass :84 - Actual pagetitle of page is  nopCommerce demo store. Notebooks
2020-07-21 01:17:55.400 INFO  DriverClass :85 - Page Title of page is verified
2020-07-21 01:18:26.404 INFO  DriverClass :37 - File is loaded from propertyfile
2020-07-21 01:18:30.745 INFO  DriverClass :53 - Chrome browser is open
2020-07-21 01:18:30.745 INFO  DriverClass :37 - File is loaded from propertyfile
2020-07-21 01:18:35.077 INFO  DriverClass :64 - Url is open
2020-07-21 01:18:39.586 INFO  DriverClass :85 - Computer link clicked
2020-07-21 01:18:43.022 INFO  DriverClass :83 - Expected pageTitle of page is  nopCommerce demo store. Notebooks
2020-07-21 01:18:43.022 INFO  DriverClass :84 - Actual pagetitle of page is  nopCommerce demo store. Notebooks
2020-07-21 01:18:43.022 INFO  DriverClass :85 - Page Title of page is verified
2020-07-21 01:24:35.882 INFO  DriverClass :37 - File is loaded from propertyfile
2020-07-21 01:24:43.490 INFO  DriverClass :53 - Chrome browser is open
2020-07-21 01:24:43.490 INFO  DriverClass :37 - File is loaded from propertyfile
2020-07-21 01:24:47.708 INFO  DriverClass :64 - Url is open
2020-07-21 01:24:52.526 INFO  DriverClass :85 - Computer link clicked
2020-07-21 01:24:55.265 INFO  DriverClass :83 - Expected pageTitle of page is  nopCommerce demo store. Notebooks
2020-07-21 01:24:55.265 INFO  DriverClass :84 - Actual pagetitle of page is  nopCommerce demo store. Notebooks
2020-07-21 01:24:55.265 INFO  DriverClass :85 - Page Title of page is verified
2020-07-21 01:24:57.104 INFO  DriverClass :68 - Notebooks are sorted by A to Z
2020-07-21 01:29:33.875 INFO  DriverClass :37 - File is loaded from propertyfile
2020-07-21 01:29:38.209 INFO  DriverClass :53 - Chrome browser is open
2020-07-21 01:29:38.209 INFO  DriverClass :37 - File is loaded from propertyfile
2020-07-21 01:29:42.902 INFO  DriverClass :64 - Url is open
2020-07-21 01:29:47.752 INFO  DriverClass :85 - Computer link clicked
2020-07-21 01:29:51.467 INFO  DriverClass :83 - Expected pageTitle of page is  nopCommerce demo store. Notebooks
2020-07-21 01:29:51.467 INFO  DriverClass :84 - Actual pagetitle of page is  nopCommerce demo store. Notebooks
2020-07-21 01:29:51.467 INFO  DriverClass :85 - Page Title of page is verified
2020-07-21 01:32:13.956 INFO  DriverClass :37 - File is loaded from propertyfile
2020-07-21 01:32:19.448 INFO  DriverClass :53 - Chrome browser is open
2020-07-21 01:32:19.448 INFO  DriverClass :37 - File is loaded from propertyfile
2020-07-21 01:32:23.343 INFO  DriverClass :64 - Url is open
2020-07-21 01:32:28.214 INFO  DriverClass :85 - Computer link clicked
2020-07-21 01:32:31.609 INFO  DriverClass :83 - Expected pageTitle of page is  nopCommerce demo store. Notebooks
2020-07-21 01:32:31.609 INFO  DriverClass :84 - Actual pagetitle of page is  nopCommerce demo store. Notebooks
2020-07-21 01:32:31.609 INFO  DriverClass :85 - Page Title of page is verified
2020-07-21 01:32:32.615 INFO  DriverClass :70 - Products displayed on the computer page sorted by alphabetic order is Verified
2020-07-21 01:32:32.615 INFO  DriverClass :71 - Notebooks are sorted by A to Z
2020-07-21 01:38:17.141 INFO  DriverClass :37 - File is loaded from propertyfile
2020-07-21 01:38:23.885 INFO  DriverClass :53 - Chrome browser is open
2020-07-21 01:38:23.885 INFO  DriverClass :37 - File is loaded from propertyfile
2020-07-21 01:38:27.727 INFO  DriverClass :64 - Url is open
2020-07-21 01:38:32.298 INFO  DriverClass :85 - Computer link clicked
2020-07-21 01:38:35.928 INFO  DriverClass :83 - Expected pageTitle of page is  nopCommerce demo store. Notebooks
2020-07-21 01:38:35.928 INFO  DriverClass :84 - Actual pagetitle of page is  nopCommerce demo store. Notebooks
2020-07-21 01:38:35.928 INFO  DriverClass :85 - Page Title of page is verified
2020-07-21 01:38:37.823 INFO  DriverClass :70 - Products displayed on the computer page sorted by alphabetic order is Verified
2020-07-21 01:38:37.839 INFO  DriverClass :71 - Notebooks are sorted by A to Z
2020-07-21 01:41:50.436 INFO  DriverClass :37 - File is loaded from propertyfile
2020-07-21 01:41:54.887 INFO  DriverClass :53 - Chrome browser is open
2020-07-21 01:41:54.887 INFO  DriverClass :37 - File is loaded from propertyfile
2020-07-21 01:41:59.129 INFO  DriverClass :64 - Url is open
2020-07-21 01:42:03.928 INFO  DriverClass :85 - Computer link clicked
2020-07-21 01:42:07.813 INFO  DriverClass :83 - Expected pageTitle of page is  nopCommerce demo store. Notebooks
2020-07-21 01:42:07.813 INFO  DriverClass :84 - Actual pagetitle of page is  nopCommerce demo store. Notebooks
2020-07-21 01:42:07.813 INFO  DriverClass :85 - Page Title of page is verified
2020-07-21 01:42:09.805 INFO  DriverClass :71 - Products displayed on the computer page sorted by alphabetic order is Verified
2020-07-21 01:42:09.805 INFO  DriverClass :72 - Notebooks are sorted by A to Z
2020-07-21 01:44:29.232 INFO  DriverClass :37 - File is loaded from propertyfile
2020-07-21 01:44:35.632 INFO  DriverClass :53 - Chrome browser is open
2020-07-21 01:44:35.632 INFO  DriverClass :37 - File is loaded from propertyfile
2020-07-21 01:44:39.464 INFO  DriverClass :64 - Url is open
2020-07-21 01:44:44.594 INFO  DriverClass :85 - Computer link clicked
2020-07-21 01:46:35.221 INFO  DriverClass :37 - File is loaded from propertyfile
2020-07-21 01:46:40.939 INFO  DriverClass :53 - Chrome browser is open
2020-07-21 01:46:40.939 INFO  DriverClass :37 - File is loaded from propertyfile
2020-07-21 01:46:44.859 INFO  DriverClass :64 - Url is open
2020-07-21 01:46:49.804 INFO  DriverClass :85 - Computer link clicked
2020-07-21 01:46:53.454 INFO  DriverClass :83 - Expected pageTitle of page is  nopCommerce demo store. Notebooks
2020-07-21 01:46:53.454 INFO  DriverClass :84 - Actual pagetitle of page is  nopCommerce demo store. Notebooks
2020-07-21 01:46:53.454 INFO  DriverClass :85 - Page Title of page is verified
2020-07-21 01:56:28.828 INFO  DriverClass :37 - File is loaded from propertyfile
2020-07-21 01:56:36.525 INFO  DriverClass :53 - Chrome browser is open
2020-07-21 01:56:36.525 INFO  DriverClass :37 - File is loaded from propertyfile
2020-07-21 01:56:41.464 INFO  DriverClass :64 - Url is open
2020-07-21 01:56:46.400 INFO  DriverClass :85 - Computer link clicked
2020-07-21 01:56:49.980 INFO  DriverClass :83 - Expected pageTitle of page is  nopCommerce demo store. Notebooks
2020-07-21 01:56:49.980 INFO  DriverClass :84 - Actual pagetitle of page is  nopCommerce demo store. Notebooks
2020-07-21 01:56:49.980 INFO  DriverClass :85 - Page Title of page is verified
2020-07-21 02:07:05.758 INFO  DriverClass :37 - File is loaded from propertyfile
2020-07-21 02:07:13.516 INFO  DriverClass :53 - Chrome browser is open
2020-07-21 02:07:13.516 INFO  DriverClass :37 - File is loaded from propertyfile
2020-07-21 02:07:17.786 INFO  DriverClass :64 - Url is open
2020-07-21 02:07:22.877 INFO  DriverClass :85 - Computer link clicked
2020-07-21 02:07:26.785 INFO  DriverClass :83 - Expected pageTitle of page is  nopCommerce demo store. Notebooks
2020-07-21 02:07:26.785 INFO  DriverClass :84 - Actual pagetitle of page is  nopCommerce demo store. Notebooks
2020-07-21 02:07:26.785 INFO  DriverClass :85 - Page Title of page is verified
2020-07-21 02:07:28.498 INFO  DriverClass :82 - NoteBooks expected price list is [$1,350.00, $1,360.00, $1,460.00, $1,500.00, $1,590.00, $1,800.00]
2020-07-21 02:07:28.498 INFO  DriverClass :86 - NoteBooks actual price list is [$1,350.00, $1,360.00, $1,460.00, $1,500.00, $1,590.00, $1,800.00]
2020-07-21 02:07:28.498 INFO  DriverClass :88 - Products displayed on the computer page sorted by Low price to High price is verified
2020-07-21 02:09:51.065 INFO  DriverClass :37 - File is loaded from propertyfile
2020-07-21 02:09:55.404 INFO  DriverClass :53 - Chrome browser is open
2020-07-21 02:09:55.404 INFO  DriverClass :37 - File is loaded from propertyfile
2020-07-21 02:10:00.732 INFO  DriverClass :64 - Url is open
2020-07-21 02:10:16.488 INFO  DriverClass :85 - Computer link clicked
2020-07-21 02:10:16.500 INFO  DriverClass :83 - Expected pageTitle of page is  nopCommerce demo store. Computers
2020-07-21 02:10:16.500 INFO  DriverClass :84 - Actual pagetitle of page is  nopCommerce demo store. Computers
2020-07-21 02:10:16.504 INFO  DriverClass :85 - Page Title of page is verified
2020-07-21 02:10:16.506 INFO  DriverClass :37 - File is loaded from propertyfile
2020-07-21 02:10:19.740 INFO  DriverClass :53 - Chrome browser is open
2020-07-21 02:10:19.740 INFO  DriverClass :37 - File is loaded from propertyfile
2020-07-21 02:10:24.754 INFO  DriverClass :64 - Url is open
2020-07-21 02:10:29.471 INFO  DriverClass :85 - Computer link clicked
2020-07-21 02:10:32.341 INFO  DriverClass :83 - Expected pageTitle of page is  nopCommerce demo store. Notebooks
2020-07-21 02:10:32.345 INFO  DriverClass :84 - Actual pagetitle of page is  nopCommerce demo store. Notebooks
2020-07-21 02:10:32.345 INFO  DriverClass :85 - Page Title of page is verified
2020-07-21 02:10:33.154 INFO  DriverClass :72 - Products displayed on the computer page sorted by alphabetic order is Verified
2020-07-21 02:10:33.154 INFO  DriverClass :73 - Notebooks are sorted by A to Z
2020-07-21 02:10:33.158 INFO  DriverClass :37 - File is loaded from propertyfile
2020-07-21 02:10:36.389 INFO  DriverClass :53 - Chrome browser is open
2020-07-21 02:10:36.389 INFO  DriverClass :37 - File is loaded from propertyfile
2020-07-21 02:10:40.269 INFO  DriverClass :64 - Url is open
2020-07-21 02:10:44.807 INFO  DriverClass :85 - Computer link clicked
2020-07-21 02:10:48.185 INFO  DriverClass :83 - Expected pageTitle of page is  nopCommerce demo store. Notebooks
2020-07-21 02:10:48.185 INFO  DriverClass :84 - Actual pagetitle of page is  nopCommerce demo store. Notebooks
2020-07-21 02:10:48.185 INFO  DriverClass :85 - Page Title of page is verified
2020-07-21 02:10:48.963 INFO  DriverClass :82 - NoteBooks expected price list is [$1,350.00, $1,360.00, $1,460.00, $1,500.00, $1,590.00, $1,800.00]
2020-07-21 02:10:48.963 INFO  DriverClass :86 - NoteBooks actual price list is [$1,350.00, $1,360.00, $1,460.00, $1,500.00, $1,590.00, $1,800.00]
2020-07-21 02:10:48.963 INFO  DriverClass :88 - Products displayed on the computer page sorted by Low price to High price is verified
